Line 21: Class MCI.MMControl of control MMControl1 was not a loaded control class.
Line 37: Class TabDlg.SSTab of control SSTab1 was not a loaded control class.
Line 70: Class MSComctlLib.Slider of control Slider2 was not a loaded control class.
Line 161: Class MSComctlLib.Slider of control Slider1 was not a loaded control class.
Line 27: The property name _ExtentX in MMControl1 is invalid.
Line 28: The property name _ExtentY in MMControl1 is invalid.
Line 29: The property name _Version in MMControl1 is invalid.
Line 30: The property name BackVisible in MMControl1 is invalid.
Line 31: The property name StepVisible in MMControl1 is invalid.
Line 32: The property name RecordVisible in MMControl1 is invalid.
Line 33: The property name EjectVisible in MMControl1 is invalid.
Line 34: The property name DeviceType in MMControl1 is invalid.
Line 35: The property name FileName in MMControl1 is invalid.
Line 43: The property name _ExtentX in SSTab1 is invalid.
Line 44: The property name _ExtentY in SSTab1 is invalid.
Line 45: The property name _Version in SSTab1 is invalid.
Line 46: The property name Tab in SSTab1 is invalid.
Line 47: The property name TabHeight in SSTab1 is invalid.
Line 48: The property name TabCaption(0) in SSTab1 is invalid.
Line 49: The property name TabPicture(0) in SSTab1 is invalid.
Line 50: The property name Tab(0).ControlEnabled in SSTab1 is invalid.
Line 51: The property name Tab(0).Control(0) in SSTab1 is invalid.
Line 52: The property name Tab(0).Control(1) in SSTab1 is invalid.
Line 53: The property name Tab(0).Control(2) in SSTab1 is invalid.
Line 54: The property name Tab(0).ControlCount in SSTab1 is invalid.
Line 55: The property name TabCaption(1) in SSTab1 is invalid.
Line 56: The property name TabPicture(1) in SSTab1 is invalid.
Line 57: The property name Tab(1).ControlEnabled in SSTab1 is invalid.
Line 58: The property name Tab(1).Control(0) in SSTab1 is invalid.
Line 59: The property name Tab(1).Control(0).Enabled in SSTab1 is invalid.
Line 60: The property name Tab(1).Control(1) in SSTab1 is invalid.
Line 61: The property name Tab(1).Control(1).Enabled in SSTab1 is invalid.
Line 62: The property name Tab(1).ControlCount in SSTab1 is invalid.
Line 63: The property name TabCaption(2) in SSTab1 is invalid.
Line 64: The property name TabPicture(2) in SSTab1 is invalid.
Line 65: The property name Tab(2).ControlEnabled in SSTab1 is invalid.
Line 66: The property name Tab(2).Control(0) in SSTab1 is invalid.
Line 67: The property name Tab(2).Control(1) in SSTab1 is invalid.
Line 68: The property name Tab(2).Control(2) in SSTab1 is invalid.
Line 69: The property name Tab(2).ControlCount in SSTab1 is invalid.
Line 76: The property name _ExtentX in Slider2 is invalid.
Line 77: The property name _ExtentY in Slider2 is invalid.
Line 78: The property name _Version in Slider2 is invalid.
Line 79: The property name Orientation in Slider2 is invalid.
Line 80: The property name LargeChange in Slider2 is invalid.
Line 81: The property name Min in Slider2 is invalid.
Line 82: The property name Max in Slider2 is invalid.
Line 83: The property name TickStyle in Slider2 is invalid.
Line 84: The property name TextPosition in Slider2 is invalid.
Line 167: The property name _ExtentX in Slider1 is invalid.
Line 168: The property name _ExtentY in Slider1 is invalid.
Line 169: The property name _Version in Slider1 is invalid.
Line 170: The property name TickStyle in Slider1 is invalid.
